Error, "phase2/check11a/array-usage-bad.rc":
  Type of expression referenced by array subscript (int) is not of array or pointer type.
Error, "phase2/check11a/array-usage-bad.rc":
  Type of expression in array reference (float) is not equivalent to int.
Error, "phase2/check11a/array-usage-bad.rc":
  Index value of 55 is outside legal range [0, 10).
Error, "phase2/check11a/array-usage-bad.rc":
  Index value of -99 is outside legal range [0, 10).
Error, "phase2/check11a/array-usage-bad.rc":
  Index value of 13 is outside legal range [0, 10).
Error, "phase2/check11a/array-usage-bad.rc":
  Index value of 12 is outside legal range [0, 10).
Error, "phase2/check11a/array-usage-bad.rc":
  Index value of 17 is outside legal range [0, 10).
Error, "phase2/check11a/array-usage-bad.rc":
  Index value of -9 is outside legal range [0, 10).
Error, "phase2/check11a/array-usage-bad.rc":
  Index value of 5 is outside legal range [0, 2).
Error, "phase2/check11a/array-usage-bad.rc":
  Index value of -9 is outside legal range [0, 2).
Error, "phase2/check11a/array-usage-bad.rc":
  Index value of 7 is outside legal range [0, 2).
Error, "phase2/check11a/array-usage-bad.rc":
  Index value of -12 is outside legal range [0, 2).
Compile: failure.
