Error, "phase1/check1/arithmetic-type-errors.rc": 
  Incompatible type bool to binary operator +, numeric expected.
Error, "phase1/check1/arithmetic-type-errors.rc": 
  Incompatible type bool to binary operator -, numeric expected.
Error, "phase1/check1/arithmetic-type-errors.rc": 
  Incompatible type bool to binary operator *, numeric expected.
Error, "phase1/check1/arithmetic-type-errors.rc": 
  Incompatible type bool to binary operator /, numeric expected.
Error, "phase1/check1/arithmetic-type-errors.rc": 
  Incompatible type float to binary operator %, equivalent to int expected.
Error, "phase1/check1/arithmetic-type-errors.rc": 
  Incompatible type bool to binary operator +, numeric expected.
Error, "phase1/check1/arithmetic-type-errors.rc": 
  Incompatible type float to binary operator %, equivalent to int expected.
Error, "phase1/check1/arithmetic-type-errors.rc": 
  Incompatible type float to binary operator %, equivalent to int expected.
Error, "phase1/check1/arithmetic-type-errors.rc": 
  Incompatible type float to binary operator %, equivalent to int expected.
Error, "phase1/check1/arithmetic-type-errors.rc": 
  Incompatible type float to binary operator %, equivalent to int expected.
Compile: failure.
